<?xml version="1.0" encoding="UTF-8"?>
<!-- Generated by org.testng.reporters.JUnitReportReporter -->
<testsuite skipped="0" hostname="AMW201-PC" name="com.w2a.zoho.rough.TestCase2" tests="1" failures="0" timestamp="22 Mar 2021 09:20:22 GMT" time="24.738" errors="0">
  <testcase name="doLogin" time="24.738" classname="com.w2a.zoho.rough.TestCase2"/>
</testsuite> <!-- com.w2a.zoho.rough.TestCase2 -->
