<?xml version="1.0" encoding="UTF-8"?>
<!-- Generated by org.testng.reporters.JUnitReportReporter -->
<testsuite skipped="0" hostname="AMW201-PC" name="com.w2a.zoho.rough.LoginTest" tests="3" failures="2" timestamp="24 Mar 2021 05:11:08 GMT" time="77.090" errors="1">
  <testcase name="loginTest" time="47.358" classname="com.w2a.zoho.rough.LoginTest">
    <failure type="java.lang.AssertionError" message="Failing the login test !!!">
      <![CDATA[java.lang.AssertionError: Failing the login test !!!
	at org.testng.Assert.fail(Assert.java:94)
	at com.w2a.zoho.rough.LoginTest.loginTest(LoginTest.java:36)
	at sun.reflect.NativeMethodAccessorImpl.invoke0(Native Method)
	at sun.reflect.NativeMethodAccessorImpl.invoke(NativeMethodAccessorImpl.java:62)
	at sun.reflect.DelegatingMethodAccessorImpl.invoke(DelegatingMethodAccessorImpl.java:43)
	at java.lang.reflect.Method.invoke(Method.java:498)
	at org.testng.internal.MethodInvocationHelper.invokeMethod(MethodInvocationHelper.java:100)
	at org.testng.internal.Invoker.invokeMethod(Invoker.java:646)
	at org.testng.internal.Invoker.invokeTestMethod(Invoker.java:811)
	at org.testng.internal.TestMethodWithDataProviderMethodWorker.call(TestMethodWithDataProviderMethodWorker.java:75)
	at org.testng.internal.TestMethodWithDataProviderMethodWorker.call(TestMethodWithDataProviderMethodWorker.java:14)
	at java.util.concurrent.FutureTask.run(FutureTask.java:266)
	at java.util.concurrent.Executors$RunnableAdapter.call(Executors.java:511)
	at java.util.concurrent.FutureTask.run(FutureTask.java:266)
	at java.util.concurrent.ThreadPoolExecutor.runWorker(ThreadPoolExecutor.java:1149)
	at java.util.concurrent.ThreadPoolExecutor$Worker.run(ThreadPoolExecutor.java:624)
	at java.lang.Thread.run(Thread.java:748)
]]>
    </failure>
  </testcase> <!-- loginTest -->
  <testcase name="loginTest" time="29.732" classname="com.w2a.zoho.rough.LoginTest">
    <failure type="java.lang.AssertionError" message="Failing the login test !!!">
      <![CDATA[java.lang.AssertionError: Failing the login test !!!
	at org.testng.Assert.fail(Assert.java:94)
	at com.w2a.zoho.rough.LoginTest.loginTest(LoginTest.java:36)
	at sun.reflect.NativeMethodAccessorImpl.invoke0(Native Method)
	at sun.reflect.NativeMethodAccessorImpl.invoke(NativeMethodAccessorImpl.java:62)
	at sun.reflect.DelegatingMethodAccessorImpl.invoke(DelegatingMethodAccessorImpl.java:43)
	at java.lang.reflect.Method.invoke(Method.java:498)
	at org.testng.internal.MethodInvocationHelper.invokeMethod(MethodInvocationHelper.java:100)
	at org.testng.internal.Invoker.invokeMethod(Invoker.java:646)
	at org.testng.internal.Invoker.invokeTestMethod(Invoker.java:811)
	at org.testng.internal.TestMethodWithDataProviderMethodWorker.call(TestMethodWithDataProviderMethodWorker.java:75)
	at org.testng.internal.TestMethodWithDataProviderMethodWorker.call(TestMethodWithDataProviderMethodWorker.java:14)
	at java.util.concurrent.FutureTask.run(FutureTask.java:266)
	at java.util.concurrent.Executors$RunnableAdapter.call(Executors.java:511)
	at java.util.concurrent.FutureTask.run(FutureTask.java:266)
	at java.util.concurrent.ThreadPoolExecutor.runWorker(ThreadPoolExecutor.java:1149)
	at java.util.concurrent.ThreadPoolExecutor$Worker.run(ThreadPoolExecutor.java:624)
	at java.lang.Thread.run(Thread.java:748)
]]>
    </failure>
  </testcase> <!-- loginTest -->
  <testcase name="quit" time="0.000" classname="com.w2a.zoho.rough.LoginTest">
    <error type="java.lang.StackOverflowError">
      <![CDATA[java.lang.StackOverflowError
	at com.w2a.zoho.rough.LoginTest.quit(LoginTest.java:43)
	at com.w2a.zoho.rough.LoginTest.quit(LoginTest.java:43)
	at com.w2a.zoho.rough.LoginTest.quit(LoginTest.java:43)
	at com.w2a.zoho.rough.LoginTest.quit(LoginTest.java:43)
	at com.w2a.zoho.rough.LoginTest.quit(LoginTest.java:43)
	at com.w2a.zoho.rough.LoginTest.quit(LoginTest.java:43)
	at com.w2a.zoho.rough.LoginTest.quit(LoginTest.java:43)
	at com.w2a.zoho.rough.LoginTest.quit(LoginTest.java:43)
	at com.w2a.zoho.rough.LoginTest.quit(LoginTest.java:43)
	at com.w2a.zoho.rough.LoginTest.quit(LoginTest.java:43)
	at com.w2a.zoho.rough.LoginTest.quit(LoginTest.java:43)
	at com.w2a.zoho.rough.LoginTest.quit(LoginTest.java:43)
	at com.w2a.zoho.rough.LoginTest.quit(LoginTest.java:43)
	at com.w2a.zoho.rough.LoginTest.quit(LoginTest.java:43)
	at com.w2a.zoho.rough.LoginTest.quit(LoginTest.java:43)
	at com.w2a.zoho.rough.LoginTest.quit(LoginTest.java:43)
	at com.w2a.zoho.rough.LoginTest.quit(LoginTest.java:43)
	at com.w2a.zoho.rough.LoginTest.quit(LoginTest.java:43)
	at com.w2a.zoho.rough.LoginTest.quit(LoginTest.java:43)
	at com.w2a.zoho.rough.LoginTest.quit(LoginTest.java:43)
	at com.w2a.zoho.rough.LoginTest.quit(LoginTest.java:43)
	at com.w2a.zoho.rough.LoginTest.quit(LoginTest.java:43)
	at com.w2a.zoho.rough.LoginTest.quit(LoginTest.java:43)
	at com.w2a.zoho.rough.LoginTest.quit(LoginTest.java:43)
	at com.w2a.zoho.rough.LoginTest.quit(LoginTest.java:43)
	at com.w2a.zoho.rough.LoginTest.quit(LoginTest.java:43)
	at com.w2a.zoho.rough.LoginTest.quit(LoginTest.java:43)
	at com.w2a.zoho.rough.LoginTest.quit(LoginTest.java:43)
	at com.w2a.zoho.rough.LoginTest.quit(LoginTest.java:43)
	at com.w2a.zoho.rough.LoginTest.quit(LoginTest.java:43)
	at com.w2a.zoho.rough.LoginTest.quit(LoginTest.java:43)
	at com.w2a.zoho.rough.LoginTest.quit(LoginTest.java:43)
	at com.w2a.zoho.rough.LoginTest.quit(LoginTest.java:43)
	at com.w2a.zoho.rough.LoginTest.quit(LoginTest.java:43)
	at com.w2a.zoho.rough.LoginTest.quit(LoginTest.java:43)
	at com.w2a.zoho.rough.LoginTest.quit(LoginTest.java:43)
	at com.w2a.zoho.rough.LoginTest.quit(LoginTest.java:43)
	at com.w2a.zoho.rough.LoginTest.quit(LoginTest.java:43)
	at com.w2a.zoho.rough.LoginTest.quit(LoginTest.java:43)
	at com.w2a.zoho.rough.LoginTest.quit(LoginTest.java:43)
	at com.w2a.zoho.rough.LoginTest.quit(LoginTest.java:43)
	at com.w2a.zoho.rough.LoginTest.quit(LoginTest.java:43)
	at com.w2a.zoho.rough.LoginTest.quit(LoginTest.java:43)
	at com.w2a.zoho.rough.LoginTest.quit(LoginTest.java:43)
	at com.w2a.zoho.rough.LoginTest.quit(LoginTest.java:43)
	at com.w2a.zoho.rough.LoginTest.quit(LoginTest.java:43)
	at com.w2a.zoho.rough.LoginTest.quit(LoginTest.java:43)
	at com.w2a.zoho.rough.LoginTest.quit(LoginTest.java:43)
	at com.w2a.zoho.rough.LoginTest.quit(LoginTest.java:43)
	at com.w2a.zoho.rough.LoginTest.quit(LoginTest.java:43)
	at com.w2a.zoho.rough.LoginTest.quit(LoginTest.java:43)
	at com.w2a.zoho.rough.LoginTest.quit(LoginTest.java:43)
	at com.w2a.zoho.rough.LoginTest.quit(LoginTest.java:43)
	at com.w2a.zoho.rough.LoginTest.quit(LoginTest.java:43)
	at com.w2a.zoho.rough.LoginTest.quit(LoginTest.java:43)
	at com.w2a.zoho.rough.LoginTest.quit(LoginTest.java:43)
	at com.w2a.zoho.rough.LoginTest.quit(LoginTest.java:43)
	at com.w2a.zoho.rough.LoginTest.quit(LoginTest.java:43)
	at com.w2a.zoho.rough.LoginTest.quit(LoginTest.java:43)
	at com.w2a.zoho.rough.LoginTest.quit(LoginTest.java:43)
	at com.w2a.zoho.rough.LoginTest.quit(LoginTest.java:43)
	at com.w2a.zoho.rough.LoginTest.quit(LoginTest.java:43)
	at com.w2a.zoho.rough.LoginTest.quit(LoginTest.java:43)
	at com.w2a.zoho.rough.LoginTest.quit(LoginTest.java:43)
	at com.w2a.zoho.rough.LoginTest.quit(LoginTest.java:43)
	at com.w2a.zoho.rough.LoginTest.quit(LoginTest.java:43)
	at com.w2a.zoho.rough.LoginTest.quit(LoginTest.java:43)
	at com.w2a.zoho.rough.LoginTest.quit(LoginTest.java:43)
	at com.w2a.zoho.rough.LoginTest.quit(LoginTest.java:43)
	at com.w2a.zoho.rough.LoginTest.quit(LoginTest.java:43)
	at com.w2a.zoho.rough.LoginTest.quit(LoginTest.java:43)
	at com.w2a.zoho.rough.LoginTest.quit(LoginTest.java:43)
	at com.w2a.zoho.rough.LoginTest.quit(LoginTest.java:43)
	at com.w2a.zoho.rough.LoginTest.quit(LoginTest.java:43)
	at com.w2a.zoho.rough.LoginTest.quit(LoginTest.java:43)
	at com.w2a.zoho.rough.LoginTest.quit(LoginTest.java:43)
	at com.w2a.zoho.rough.LoginTest.quit(LoginTest.java:43)
	at com.w2a.zoho.rough.LoginTest.quit(LoginTest.java:43)
	at com.w2a.zoho.rough.LoginTest.quit(LoginTest.java:43)
	at com.w2a.zoho.rough.LoginTest.quit(LoginTest.java:43)
	at com.w2a.zoho.rough.LoginTest.quit(LoginTest.java:43)
	at com.w2a.zoho.rough.LoginTest.quit(LoginTest.java:43)
	at com.w2a.zoho.rough.LoginTest.quit(LoginTest.java:43)
	at com.w2a.zoho.rough.LoginTest.quit(LoginTest.java:43)
	at com.w2a.zoho.rough.LoginTest.quit(LoginTest.java:43)
	at com.w2a.zoho.rough.LoginTest.quit(LoginTest.java:43)
	at com.w2a.zoho.rough.LoginTest.quit(LoginTest.java:43)
	at com.w2a.zoho.rough.LoginTest.quit(LoginTest.java:43)
	at com.w2a.zoho.rough.LoginTest.quit(LoginTest.java:43)
	at com.w2a.zoho.rough.LoginTest.quit(LoginTest.java:43)
	at com.w2a.zoho.rough.LoginTest.quit(LoginTest.java:43)
	at com.w2a.zoho.rough.LoginTest.quit(LoginTest.java:43)
	at com.w2a.zoho.rough.LoginTest.quit(LoginTest.java:43)
	at com.w2a.zoho.rough.LoginTest.quit(LoginTest.java:43)
	at com.w2a.zoho.rough.LoginTest.quit(LoginTest.java:43)
	at com.w2a.zoho.rough.LoginTest.quit(LoginTest.java:43)
	at com.w2a.zoho.rough.LoginTest.quit(LoginTest.java:43)
	at com.w2a.zoho.rough.LoginTest.quit(LoginTest.java:43)
	at com.w2a.zoho.rough.LoginTest.quit(LoginTest.java:43)
	at com.w2a.zoho.rough.LoginTest.quit(LoginTest.java:43)
	at com.w2a.zoho.rough.LoginTest.quit(LoginTest.java:43)
	at com.w2a.zoho.rough.LoginTest.quit(LoginTest.java:43)
	at com.w2a.zoho.rough.LoginTest.quit(LoginTest.java:43)
	at com.w2a.zoho.rough.LoginTest.quit(LoginTest.java:43)
	at com.w2a.zoho.rough.LoginTest.quit(LoginTest.java:43)
	at com.w2a.zoho.rough.LoginTest.quit(LoginTest.java:43)
	at com.w2a.zoho.rough.LoginTest.quit(LoginTest.java:43)
	at com.w2a.zoho.rough.LoginTest.quit(LoginTest.java:43)
	at com.w2a.zoho.rough.LoginTest.quit(LoginTest.java:43)
	at com.w2a.zoho.rough.LoginTest.quit(LoginTest.java:43)
	at com.w2a.zoho.rough.LoginTest.quit(LoginTest.java:43)
	at com.w2a.zoho.rough.LoginTest.quit(LoginTest.java:43)
	at com.w2a.zoho.rough.LoginTest.quit(LoginTest.java:43)
	at com.w2a.zoho.rough.LoginTest.quit(LoginTest.java:43)
	at com.w2a.zoho.rough.LoginTest.quit(LoginTest.java:43)
	at com.w2a.zoho.rough.LoginTest.quit(LoginTest.java:43)
	at com.w2a.zoho.rough.LoginTest.quit(LoginTest.java:43)
	at com.w2a.zoho.rough.LoginTest.quit(LoginTest.java:43)
	at com.w2a.zoho.rough.LoginTest.quit(LoginTest.java:43)
	at com.w2a.zoho.rough.LoginTest.quit(LoginTest.java:43)
	at com.w2a.zoho.rough.LoginTest.quit(LoginTest.java:43)
	at com.w2a.zoho.rough.LoginTest.quit(LoginTest.java:43)
	at com.w2a.zoho.rough.LoginTest.quit(LoginTest.java:43)
	at com.w2a.zoho.rough.LoginTest.quit(LoginTest.java:43)
	at com.w2a.zoho.rough.LoginTest.quit(LoginTest.java:43)
	at com.w2a.zoho.rough.LoginTest.quit(LoginTest.java:43)
	at com.w2a.zoho.rough.LoginTest.quit(LoginTest.java:43)
	at com.w2a.zoho.rough.LoginTest.quit(LoginTest.java:43)
	at com.w2a.zoho.rough.LoginTest.quit(LoginTest.java:43)
	at com.w2a.zoho.rough.LoginTest.quit(LoginTest.java:43)
	at com.w2a.zoho.rough.LoginTest.quit(LoginTest.java:43)
	at com.w2a.zoho.rough.LoginTest.quit(LoginTest.java:43)
	at com.w2a.zoho.rough.LoginTest.quit(LoginTest.java:43)
	at com.w2a.zoho.rough.LoginTest.quit(LoginTest.java:43)
	at com.w2a.zoho.rough.LoginTest.quit(LoginTest.java:43)
	at com.w2a.zoho.rough.LoginTest.quit(LoginTest.java:43)
	at com.w2a.zoho.rough.LoginTest.quit(LoginTest.java:43)
	at com.w2a.zoho.rough.LoginTest.quit(LoginTest.java:43)
	at com.w2a.zoho.rough.LoginTest.quit(LoginTest.java:43)
	at com.w2a.zoho.rough.LoginTest.quit(LoginTest.java:43)
	at com.w2a.zoho.rough.LoginTest.quit(LoginTest.java:43)
	at com.w2a.zoho.rough.LoginTest.quit(LoginTest.java:43)
	at com.w2a.zoho.rough.LoginTest.quit(LoginTest.java:43)
	at com.w2a.zoho.rough.LoginTest.quit(LoginTest.java:43)
	at com.w2a.zoho.rough.LoginTest.quit(LoginTest.java:43)
	at com.w2a.zoho.rough.LoginTest.quit(LoginTest.java:43)
	at com.w2a.zoho.rough.LoginTest.quit(LoginTest.java:43)
	at com.w2a.zoho.rough.LoginTest.quit(LoginTest.java:43)
	at com.w2a.zoho.rough.LoginTest.quit(LoginTest.java:43)
	at com.w2a.zoho.rough.LoginTest.quit(LoginTest.java:43)
	at com.w2a.zoho.rough.LoginTest.quit(LoginTest.java:43)
	at com.w2a.zoho.rough.LoginTest.quit(LoginTest.java:43)
	at com.w2a.zoho.rough.LoginTest.quit(LoginTest.java:43)
	at com.w2a.zoho.rough.LoginTest.quit(LoginTest.java:43)
	at com.w2a.zoho.rough.LoginTest.quit(LoginTest.java:43)
	at com.w2a.zoho.rough.LoginTest.quit(LoginTest.java:43)
	at com.w2a.zoho.rough.LoginTest.quit(LoginTest.java:43)
	at com.w2a.zoho.rough.LoginTest.quit(LoginTest.java:43)
	at com.w2a.zoho.rough.LoginTest.quit(LoginTest.java:43)
	at com.w2a.zoho.rough.LoginTest.quit(LoginTest.java:43)
	at com.w2a.zoho.rough.LoginTest.quit(LoginTest.java:43)
	at com.w2a.zoho.rough.LoginTest.quit(LoginTest.java:43)
	at com.w2a.zoho.rough.LoginTest.quit(LoginTest.java:43)
	at com.w2a.zoho.rough.LoginTest.quit(LoginTest.java:43)
	at com.w2a.zoho.rough.LoginTest.quit(LoginTest.java:43)
	at com.w2a.zoho.rough.LoginTest.quit(LoginTest.java:43)
	at com.w2a.zoho.rough.LoginTest.quit(LoginTest.java:43)
	at com.w2a.zoho.rough.LoginTest.quit(LoginTest.java:43)
	at com.w2a.zoho.rough.LoginTest.quit(LoginTest.java:43)
	at com.w2a.zoho.rough.LoginTest.quit(LoginTest.java:43)
	at com.w2a.zoho.rough.LoginTest.quit(LoginTest.java:43)
	at com.w2a.zoho.rough.LoginTest.quit(LoginTest.java:43)
	at com.w2a.zoho.rough.LoginTest.quit(LoginTest.java:43)
	at com.w2a.zoho.rough.LoginTest.quit(LoginTest.java:43)
	at com.w2a.zoho.rough.LoginTest.quit(LoginTest.java:43)
	at com.w2a.zoho.rough.LoginTest.quit(LoginTest.java:43)
	at com.w2a.zoho.rough.LoginTest.quit(LoginTest.java:43)
	at com.w2a.zoho.rough.LoginTest.quit(LoginTest.java:43)
	at com.w2a.zoho.rough.LoginTest.quit(LoginTest.java:43)
	at com.w2a.zoho.rough.LoginTest.quit(LoginTest.java:43)
	at com.w2a.zoho.rough.LoginTest.quit(LoginTest.java:43)
	at com.w2a.zoho.rough.LoginTest.quit(LoginTest.java:43)
	at com.w2a.zoho.rough.LoginTest.quit(LoginTest.java:43)
	at com.w2a.zoho.rough.LoginTest.quit(LoginTest.java:43)
	at com.w2a.zoho.rough.LoginTest.quit(LoginTest.java:43)
	at com.w2a.zoho.rough.LoginTest.quit(LoginTest.java:43)
	at com.w2a.zoho.rough.LoginTest.quit(LoginTest.java:43)
	at com.w2a.zoho.rough.LoginTest.quit(LoginTest.java:43)
	at com.w2a.zoho.rough.LoginTest.quit(LoginTest.java:43)
	at com.w2a.zoho.rough.LoginTest.quit(LoginTest.java:43)
	at com.w2a.zoho.rough.LoginTest.quit(LoginTest.java:43)
	at com.w2a.zoho.rough.LoginTest.quit(LoginTest.java:43)
	at com.w2a.zoho.rough.LoginTest.quit(LoginTest.java:43)
	at com.w2a.zoho.rough.LoginTest.quit(LoginTest.java:43)
	at com.w2a.zoho.rough.LoginTest.quit(LoginTest.java:43)
	at com.w2a.zoho.rough.LoginTest.quit(LoginTest.java:43)
	at com.w2a.zoho.rough.LoginTest.quit(LoginTest.java:43)
	at com.w2a.zoho.rough.LoginTest.quit(LoginTest.java:43)
	at com.w2a.zoho.rough.LoginTest.quit(LoginTest.java:43)
	at com.w2a.zoho.rough.LoginTest.quit(LoginTest.java:43)
	at com.w2a.zoho.rough.LoginTest.quit(LoginTest.java:43)
	at com.w2a.zoho.rough.LoginTest.quit(LoginTest.java:43)
	at com.w2a.zoho.rough.LoginTest.quit(LoginTest.java:43)
	at com.w2a.zoho.rough.LoginTest.quit(LoginTest.java:43)
	at com.w2a.zoho.rough.LoginTest.quit(LoginTest.java:43)
	at com.w2a.zoho.rough.LoginTest.quit(LoginTest.java:43)
	at com.w2a.zoho.rough.LoginTest.quit(LoginTest.java:43)
	at com.w2a.zoho.rough.LoginTest.quit(LoginTest.java:43)
	at com.w2a.zoho.rough.LoginTest.quit(LoginTest.java:43)
	at com.w2a.zoho.rough.LoginTest.quit(LoginTest.java:43)
	at com.w2a.zoho.rough.LoginTest.quit(LoginTest.java:43)
	at com.w2a.zoho.rough.LoginTest.quit(LoginTest.java:43)
	at com.w2a.zoho.rough.LoginTest.quit(LoginTest.java:43)
	at com.w2a.zoho.rough.LoginTest.quit(LoginTest.java:43)
	at com.w2a.zoho.rough.LoginTest.quit(LoginTest.java:43)
	at com.w2a.zoho.rough.LoginTest.quit(LoginTest.java:43)
	at com.w2a.zoho.rough.LoginTest.quit(LoginTest.java:43)
	at com.w2a.zoho.rough.LoginTest.quit(LoginTest.java:43)
	at com.w2a.zoho.rough.LoginTest.quit(LoginTest.java:43)
	at com.w2a.zoho.rough.LoginTest.quit(LoginTest.java:43)
	at com.w2a.zoho.rough.LoginTest.quit(LoginTest.java:43)
	at com.w2a.zoho.rough.LoginTest.quit(LoginTest.java:43)
	at com.w2a.zoho.rough.LoginTest.quit(LoginTest.java:43)
	at com.w2a.zoho.rough.LoginTest.quit(LoginTest.java:43)
	at com.w2a.zoho.rough.LoginTest.quit(LoginTest.java:43)
	at com.w2a.zoho.rough.LoginTest.quit(LoginTest.java:43)
	at com.w2a.zoho.rough.LoginTest.quit(LoginTest.java:43)
	at com.w2a.zoho.rough.LoginTest.quit(LoginTest.java:43)
	at com.w2a.zoho.rough.LoginTest.quit(LoginTest.java:43)
	at com.w2a.zoho.rough.LoginTest.quit(LoginTest.java:43)
	at com.w2a.zoho.rough.LoginTest.quit(LoginTest.java:43)
	at com.w2a.zoho.rough.LoginTest.quit(LoginTest.java:43)
	at com.w2a.zoho.rough.LoginTest.quit(LoginTest.java:43)
	at com.w2a.zoho.rough.LoginTest.quit(LoginTest.java:43)
	at com.w2a.zoho.rough.LoginTest.quit(LoginTest.java:43)
	at com.w2a.zoho.rough.LoginTest.quit(LoginTest.java:43)
	at com.w2a.zoho.rough.LoginTest.quit(LoginTest.java:43)
	at com.w2a.zoho.rough.LoginTest.quit(LoginTest.java:43)
	at com.w2a.zoho.rough.LoginTest.quit(LoginTest.java:43)
	at com.w2a.zoho.rough.LoginTest.quit(LoginTest.java:43)
	at com.w2a.zoho.rough.LoginTest.quit(LoginTest.java:43)
	at com.w2a.zoho.rough.LoginTest.quit(LoginTest.java:43)
	at com.w2a.zoho.rough.LoginTest.quit(LoginTest.java:43)
	at com.w2a.zoho.rough.LoginTest.quit(LoginTest.java:43)
	at com.w2a.zoho.rough.LoginTest.quit(LoginTest.java:43)
	at com.w2a.zoho.rough.LoginTest.quit(LoginTest.java:43)
	at com.w2a.zoho.rough.LoginTest.quit(LoginTest.java:43)
	at com.w2a.zoho.rough.LoginTest.quit(LoginTest.java:43)
	at com.w2a.zoho.rough.LoginTest.quit(LoginTest.java:43)
	at com.w2a.zoho.rough.LoginTest.quit(LoginTest.java:43)
	at com.w2a.zoho.rough.LoginTest.quit(LoginTest.java:43)
	at com.w2a.zoho.rough.LoginTest.quit(LoginTest.java:43)
	at com.w2a.zoho.rough.LoginTest.quit(LoginTest.java:43)
	at com.w2a.zoho.rough.LoginTest.quit(LoginTest.java:43)
	at com.w2a.zoho.rough.LoginTest.quit(LoginTest.java:43)
	at com.w2a.zoho.rough.LoginTest.quit(LoginTest.java:43)
	at com.w2a.zoho.rough.LoginTest.quit(LoginTest.java:43)
	at com.w2a.zoho.rough.LoginTest.quit(LoginTest.java:43)
	at com.w2a.zoho.rough.LoginTest.quit(LoginTest.java:43)
	at com.w2a.zoho.rough.LoginTest.quit(LoginTest.java:43)
	at com.w2a.zoho.rough.LoginTest.quit(LoginTest.java:43)
	at com.w2a.zoho.rough.LoginTest.quit(LoginTest.java:43)
	at com.w2a.zoho.rough.LoginTest.quit(LoginTest.java:43)
	at com.w2a.zoho.rough.LoginTest.quit(LoginTest.java:43)
	at com.w2a.zoho.rough.LoginTest.quit(LoginTest.java:43)
	at com.w2a.zoho.rough.LoginTest.quit(LoginTest.java:43)
	at com.w2a.zoho.rough.LoginTest.quit(LoginTest.java:43)
	at com.w2a.zoho.rough.LoginTest.quit(LoginTest.java:43)
	at com.w2a.zoho.rough.LoginTest.quit(LoginTest.java:43)
	at com.w2a.zoho.rough.LoginTest.quit(LoginTest.java:43)
	at com.w2a.zoho.rough.LoginTest.quit(LoginTest.java:43)
	at com.w2a.zoho.rough.LoginTest.quit(LoginTest.java:43)
	at com.w2a.zoho.rough.LoginTest.quit(LoginTest.java:43)
	at com.w2a.zoho.rough.LoginTest.quit(LoginTest.java:43)
	at com.w2a.zoho.rough.LoginTest.quit(LoginTest.java:43)
	at com.w2a.zoho.rough.LoginTest.quit(LoginTest.java:43)
	at com.w2a.zoho.rough.LoginTest.quit(LoginTest.java:43)
	at com.w2a.zoho.rough.LoginTest.quit(LoginTest.java:43)
	at com.w2a.zoho.rough.LoginTest.quit(LoginTest.java:43)
	at com.w2a.zoho.rough.LoginTest.quit(LoginTest.java:43)
	at com.w2a.zoho.rough.LoginTest.quit(LoginTest.java:43)
	at com.w2a.zoho.rough.LoginTest.quit(LoginTest.java:43)
	at com.w2a.zoho.rough.LoginTest.quit(LoginTest.java:43)
	at com.w2a.zoho.rough.LoginTest.quit(LoginTest.java:43)
	at com.w2a.zoho.rough.LoginTest.quit(LoginTest.java:43)
	at com.w2a.zoho.rough.LoginTest.quit(LoginTest.java:43)
	at com.w2a.zoho.rough.LoginTest.quit(LoginTest.java:43)
	at com.w2a.zoho.rough.LoginTest.quit(LoginTest.java:43)
	at com.w2a.zoho.rough.LoginTest.quit(LoginTest.java:43)
	at com.w2a.zoho.rough.LoginTest.quit(LoginTest.java:43)
	at com.w2a.zoho.rough.LoginTest.quit(LoginTest.java:43)
	at com.w2a.zoho.rough.LoginTest.quit(LoginTest.java:43)
	at com.w2a.zoho.rough.LoginTest.quit(LoginTest.java:43)
	at com.w2a.zoho.rough.LoginTest.quit(LoginTest.java:43)
	at com.w2a.zoho.rough.LoginTest.quit(LoginTest.java:43)
	at com.w2a.zoho.rough.LoginTest.quit(LoginTest.java:43)
	at com.w2a.zoho.rough.LoginTest.quit(LoginTest.java:43)
	at com.w2a.zoho.rough.LoginTest.quit(LoginTest.java:43)
	at com.w2a.zoho.rough.LoginTest.quit(LoginTest.java:43)
	at com.w2a.zoho.rough.LoginTest.quit(LoginTest.java:43)
	at com.w2a.zoho.rough.LoginTest.quit(LoginTest.java:43)
	at com.w2a.zoho.rough.LoginTest.quit(LoginTest.java:43)
	at com.w2a.zoho.rough.LoginTest.quit(LoginTest.java:43)
	at com.w2a.zoho.rough.LoginTest.quit(LoginTest.java:43)
	at com.w2a.zoho.rough.LoginTest.quit(LoginTest.java:43)
	at com.w2a.zoho.rough.LoginTest.quit(LoginTest.java:43)
	at com.w2a.zoho.rough.LoginTest.quit(LoginTest.java:43)
	at com.w2a.zoho.rough.LoginTest.quit(LoginTest.java:43)
	at com.w2a.zoho.rough.LoginTest.quit(LoginTest.java:43)
	at com.w2a.zoho.rough.LoginTest.quit(LoginTest.java:43)
	at com.w2a.zoho.rough.LoginTest.quit(LoginTest.java:43)
	at com.w2a.zoho.rough.LoginTest.quit(LoginTest.java:43)
	at com.w2a.zoho.rough.LoginTest.quit(LoginTest.java:43)
	at com.w2a.zoho.rough.LoginTest.quit(LoginTest.java:43)
	at com.w2a.zoho.rough.LoginTest.quit(LoginTest.java:43)
	at com.w2a.zoho.rough.LoginTest.quit(LoginTest.java:43)
	at com.w2a.zoho.rough.LoginTest.quit(LoginTest.java:43)
	at com.w2a.zoho.rough.LoginTest.quit(LoginTest.java:43)
	at com.w2a.zoho.rough.LoginTest.quit(LoginTest.java:43)
	at com.w2a.zoho.rough.LoginTest.quit(LoginTest.java:43)
	at com.w2a.zoho.rough.LoginTest.quit(LoginTest.java:43)
	at com.w2a.zoho.rough.LoginTest.quit(LoginTest.java:43)
	at com.w2a.zoho.rough.LoginTest.quit(LoginTest.java:43)
	at com.w2a.zoho.rough.LoginTest.quit(LoginTest.java:43)
	at com.w2a.zoho.rough.LoginTest.quit(LoginTest.java:43)
	at com.w2a.zoho.rough.LoginTest.quit(LoginTest.java:43)
	at com.w2a.zoho.rough.LoginTest.quit(LoginTest.java:43)
	at com.w2a.zoho.rough.LoginTest.quit(LoginTest.java:43)
	at com.w2a.zoho.rough.LoginTest.quit(LoginTest.java:43)
	at com.w2a.zoho.rough.LoginTest.quit(LoginTest.java:43)
	at com.w2a.zoho.rough.LoginTest.quit(LoginTest.java:43)
	at com.w2a.zoho.rough.LoginTest.quit(LoginTest.java:43)
	at com.w2a.zoho.rough.LoginTest.quit(LoginTest.java:43)
	at com.w2a.zoho.rough.LoginTest.quit(LoginTest.java:43)
	at com.w2a.zoho.rough.LoginTest.quit(LoginTest.java:43)
	at com.w2a.zoho.rough.LoginTest.quit(LoginTest.java:43)
	at com.w2a.zoho.rough.LoginTest.quit(LoginTest.java:43)
	at com.w2a.zoho.rough.LoginTest.quit(LoginTest.java:43)
	at com.w2a.zoho.rough.LoginTest.quit(LoginTest.java:43)
	at com.w2a.zoho.rough.LoginTest.quit(LoginTest.java:43)
	at com.w2a.zoho.rough.LoginTest.quit(LoginTest.java:43)
	at com.w2a.zoho.rough.LoginTest.quit(LoginTest.java:43)
	at com.w2a.zoho.rough.LoginTest.quit(LoginTest.java:43)
	at com.w2a.zoho.rough.LoginTest.quit(LoginTest.java:43)
	at com.w2a.zoho.rough.LoginTest.quit(LoginTest.java:43)
	at com.w2a.zoho.rough.LoginTest.quit(LoginTest.java:43)
	at com.w2a.zoho.rough.LoginTest.quit(LoginTest.java:43)
	at com.w2a.zoho.rough.LoginTest.quit(LoginTest.java:43)
	at com.w2a.zoho.rough.LoginTest.quit(LoginTest.java:43)
	at com.w2a.zoho.rough.LoginTest.quit(LoginTest.java:43)
	at com.w2a.zoho.rough.LoginTest.quit(LoginTest.java:43)
	at com.w2a.zoho.rough.LoginTest.quit(LoginTest.java:43)
	at com.w2a.zoho.rough.LoginTest.quit(LoginTest.java:43)
	at com.w2a.zoho.rough.LoginTest.quit(LoginTest.java:43)
	at com.w2a.zoho.rough.LoginTest.quit(LoginTest.java:43)
	at com.w2a.zoho.rough.LoginTest.quit(LoginTest.java:43)
	at com.w2a.zoho.rough.LoginTest.quit(LoginTest.java:43)
	at com.w2a.zoho.rough.LoginTest.quit(LoginTest.java:43)
	at com.w2a.zoho.rough.LoginTest.quit(LoginTest.java:43)
	at com.w2a.zoho.rough.LoginTest.quit(LoginTest.java:43)
	at com.w2a.zoho.rough.LoginTest.quit(LoginTest.java:43)
	at com.w2a.zoho.rough.LoginTest.quit(LoginTest.java:43)
	at com.w2a.zoho.rough.LoginTest.quit(LoginTest.java:43)
	at com.w2a.zoho.rough.LoginTest.quit(LoginTest.java:43)
	at com.w2a.zoho.rough.LoginTest.quit(LoginTest.java:43)
	at com.w2a.zoho.rough.LoginTest.quit(LoginTest.java:43)
	at com.w2a.zoho.rough.LoginTest.quit(LoginTest.java:43)
	at com.w2a.zoho.rough.LoginTest.quit(LoginTest.java:43)
	at com.w2a.zoho.rough.LoginTest.quit(LoginTest.java:43)
	at com.w2a.zoho.rough.LoginTest.quit(LoginTest.java:43)
	at com.w2a.zoho.rough.LoginTest.quit(LoginTest.java:43)
	at com.w2a.zoho.rough.LoginTest.quit(LoginTest.java:43)
	at com.w2a.zoho.rough.LoginTest.quit(LoginTest.java:43)
	at com.w2a.zoho.rough.LoginTest.quit(LoginTest.java:43)
	at com.w2a.zoho.rough.LoginTest.quit(LoginTest.java:43)
	at com.w2a.zoho.rough.LoginTest.quit(LoginTest.java:43)
	at com.w2a.zoho.rough.LoginTest.quit(LoginTest.java:43)
	at com.w2a.zoho.rough.LoginTest.quit(LoginTest.java:43)
	at com.w2a.zoho.rough.LoginTest.quit(LoginTest.java:43)
	at com.w2a.zoho.rough.LoginTest.quit(LoginTest.java:43)
	at com.w2a.zoho.rough.LoginTest.quit(LoginTest.java:43)
	at com.w2a.zoho.rough.LoginTest.quit(LoginTest.java:43)
	at com.w2a.zoho.rough.LoginTest.quit(LoginTest.java:43)
	at com.w2a.zoho.rough.LoginTest.quit(LoginTest.java:43)
	at com.w2a.zoho.rough.LoginTest.quit(LoginTest.java:43)
	at com.w2a.zoho.rough.LoginTest.quit(LoginTest.java:43)
	at com.w2a.zoho.rough.LoginTest.quit(LoginTest.java:43)
	at com.w2a.zoho.rough.LoginTest.quit(LoginTest.java:43)
	at com.w2a.zoho.rough.LoginTest.quit(LoginTest.java:43)
	at com.w2a.zoho.rough.LoginTest.quit(LoginTest.java:43)
	at com.w2a.zoho.rough.LoginTest.quit(LoginTest.java:43)
	at com.w2a.zoho.rough.LoginTest.quit(LoginTest.java:43)
	at com.w2a.zoho.rough.LoginTest.quit(LoginTest.java:43)
	at com.w2a.zoho.rough.LoginTest.quit(LoginTest.java:43)
	at com.w2a.zoho.rough.LoginTest.quit(LoginTest.java:43)
	at com.w2a.zoho.rough.LoginTest.quit(LoginTest.java:43)
	at com.w2a.zoho.rough.LoginTest.quit(LoginTest.java:43)
	at com.w2a.zoho.rough.LoginTest.quit(LoginTest.java:43)
	at com.w2a.zoho.rough.LoginTest.quit(LoginTest.java:43)
	at com.w2a.zoho.rough.LoginTest.quit(LoginTest.java:43)
	at com.w2a.zoho.rough.LoginTest.quit(LoginTest.java:43)
	at com.w2a.zoho.rough.LoginTest.quit(LoginTest.java:43)
	at com.w2a.zoho.rough.LoginTest.quit(LoginTest.java:43)
	at com.w2a.zoho.rough.LoginTest.quit(LoginTest.java:43)
	at com.w2a.zoho.rough.LoginTest.quit(LoginTest.java:43)
	at com.w2a.zoho.rough.LoginTest.quit(LoginTest.java:43)
	at com.w2a.zoho.rough.LoginTest.quit(LoginTest.java:43)
	at com.w2a.zoho.rough.LoginTest.quit(LoginTest.java:43)
	at com.w2a.zoho.rough.LoginTest.quit(LoginTest.java:43)
	at com.w2a.zoho.rough.LoginTest.quit(LoginTest.java:43)
	at com.w2a.zoho.rough.LoginTest.quit(LoginTest.java:43)
	at com.w2a.zoho.rough.LoginTest.quit(LoginTest.java:43)
	at com.w2a.zoho.rough.LoginTest.quit(LoginTest.java:43)
	at com.w2a.zoho.rough.LoginTest.quit(LoginTest.java:43)
	at com.w2a.zoho.rough.LoginTest.quit(LoginTest.java:43)
	at com.w2a.zoho.rough.LoginTest.quit(LoginTest.java:43)
	at com.w2a.zoho.rough.LoginTest.quit(LoginTest.java:43)
	at com.w2a.zoho.rough.LoginTest.quit(LoginTest.java:43)
	at com.w2a.zoho.rough.LoginTest.quit(LoginTest.java:43)
	at com.w2a.zoho.rough.LoginTest.quit(LoginTest.java:43)
	at com.w2a.zoho.rough.LoginTest.quit(LoginTest.java:43)
	at com.w2a.zoho.rough.LoginTest.quit(LoginTest.java:43)
	at com.w2a.zoho.rough.LoginTest.quit(LoginTest.java:43)
	at com.w2a.zoho.rough.LoginTest.quit(LoginTest.java:43)
	at com.w2a.zoho.rough.LoginTest.quit(LoginTest.java:43)
	at com.w2a.zoho.rough.LoginTest.quit(LoginTest.java:43)
	at com.w2a.zoho.rough.LoginTest.quit(LoginTest.java:43)
	at com.w2a.zoho.rough.LoginTest.quit(LoginTest.java:43)
	at com.w2a.zoho.rough.LoginTest.quit(LoginTest.java:43)
	at com.w2a.zoho.rough.LoginTest.quit(LoginTest.java:43)
	at com.w2a.zoho.rough.LoginTest.quit(LoginTest.java:43)
	at com.w2a.zoho.rough.LoginTest.quit(LoginTest.java:43)
	at com.w2a.zoho.rough.LoginTest.quit(LoginTest.java:43)
	at com.w2a.zoho.rough.LoginTest.quit(LoginTest.java:43)
	at com.w2a.zoho.rough.LoginTest.quit(LoginTest.java:43)
	at com.w2a.zoho.rough.LoginTest.quit(LoginTest.java:43)
	at com.w2a.zoho.rough.LoginTest.quit(LoginTest.java:43)
	at com.w2a.zoho.rough.LoginTest.quit(LoginTest.java:43)
	at com.w2a.zoho.rough.LoginTest.quit(LoginTest.java:43)
	at com.w2a.zoho.rough.LoginTest.quit(LoginTest.java:43)
	at com.w2a.zoho.rough.LoginTest.quit(LoginTest.java:43)
	at com.w2a.zoho.rough.LoginTest.quit(LoginTest.java:43)
	at com.w2a.zoho.rough.LoginTest.quit(LoginTest.java:43)
	at com.w2a.zoho.rough.LoginTest.quit(LoginTest.java:43)
	at com.w2a.zoho.rough.LoginTest.quit(LoginTest.java:43)
	at com.w2a.zoho.rough.LoginTest.quit(LoginTest.java:43)
	at com.w2a.zoho.rough.LoginTest.quit(LoginTest.java:43)
	at com.w2a.zoho.rough.LoginTest.quit(LoginTest.java:43)
	at com.w2a.zoho.rough.LoginTest.quit(LoginTest.java:43)
	at com.w2a.zoho.rough.LoginTest.quit(LoginTest.java:43)
	at com.w2a.zoho.rough.LoginTest.quit(LoginTest.java:43)
	at com.w2a.zoho.rough.LoginTest.quit(LoginTest.java:43)
	at com.w2a.zoho.rough.LoginTest.quit(LoginTest.java:43)
	at com.w2a.zoho.rough.LoginTest.quit(LoginTest.java:43)
	at com.w2a.zoho.rough.LoginTest.quit(LoginTest.java:43)
	at com.w2a.zoho.rough.LoginTest.quit(LoginTest.java:43)
	at com.w2a.zoho.rough.LoginTest.quit(LoginTest.java:43)
	at com.w2a.zoho.rough.LoginTest.quit(LoginTest.java:43)
	at com.w2a.zoho.rough.LoginTest.quit(LoginTest.java:43)
	at com.w2a.zoho.rough.LoginTest.quit(LoginTest.java:43)
	at com.w2a.zoho.rough.LoginTest.quit(LoginTest.java:43)
	at com.w2a.zoho.rough.LoginTest.quit(LoginTest.java:43)
	at com.w2a.zoho.rough.LoginTest.quit(LoginTest.java:43)
	at com.w2a.zoho.rough.LoginTest.quit(LoginTest.java:43)
	at com.w2a.zoho.rough.LoginTest.quit(LoginTest.java:43)
	at com.w2a.zoho.rough.LoginTest.quit(LoginTest.java:43)
	at com.w2a.zoho.rough.LoginTest.quit(LoginTest.java:43)
	at com.w2a.zoho.rough.LoginTest.quit(LoginTest.java:43)
	at com.w2a.zoho.rough.LoginTest.quit(LoginTest.java:43)
	at com.w2a.zoho.rough.LoginTest.quit(LoginTest.java:43)
	at com.w2a.zoho.rough.LoginTest.quit(LoginTest.java:43)
	at com.w2a.zoho.rough.LoginTest.quit(LoginTest.java:43)
	at com.w2a.zoho.rough.LoginTest.quit(LoginTest.java:43)
	at com.w2a.zoho.rough.LoginTest.quit(LoginTest.java:43)
	at com.w2a.zoho.rough.LoginTest.quit(LoginTest.java:43)
	at com.w2a.zoho.rough.LoginTest.quit(LoginTest.java:43)
	at com.w2a.zoho.rough.LoginTest.quit(LoginTest.java:43)
	at com.w2a.zoho.rough.LoginTest.quit(LoginTest.java:43)
	at com.w2a.zoho.rough.LoginTest.quit(LoginTest.java:43)
	at com.w2a.zoho.rough.LoginTest.quit(LoginTest.java:43)
	at com.w2a.zoho.rough.LoginTest.quit(LoginTest.java:43)
	at com.w2a.zoho.rough.LoginTest.quit(LoginTest.java:43)
	at com.w2a.zoho.rough.LoginTest.quit(LoginTest.java:43)
	at com.w2a.zoho.rough.LoginTest.quit(LoginTest.java:43)
	at com.w2a.zoho.rough.LoginTest.quit(LoginTest.java:43)
	at com.w2a.zoho.rough.LoginTest.quit(LoginTest.java:43)
	at com.w2a.zoho.rough.LoginTest.quit(LoginTest.java:43)
	at com.w2a.zoho.rough.LoginTest.quit(LoginTest.java:43)
	at com.w2a.zoho.rough.LoginTest.quit(LoginTest.java:43)
	at com.w2a.zoho.rough.LoginTest.quit(LoginTest.java:43)
	at com.w2a.zoho.rough.LoginTest.quit(LoginTest.java:43)
	at com.w2a.zoho.rough.LoginTest.quit(LoginTest.java:43)
	at com.w2a.zoho.rough.LoginTest.quit(LoginTest.java:43)
	at com.w2a.zoho.rough.LoginTest.quit(LoginTest.java:43)
	at com.w2a.zoho.rough.LoginTest.quit(LoginTest.java:43)
	at com.w2a.zoho.rough.LoginTest.quit(LoginTest.java:43)
	at com.w2a.zoho.rough.LoginTest.quit(LoginTest.java:43)
	at com.w2a.zoho.rough.LoginTest.quit(LoginTest.java:43)
	at com.w2a.zoho.rough.LoginTest.quit(LoginTest.java:43)
	at com.w2a.zoho.rough.LoginTest.quit(LoginTest.java:43)
	at com.w2a.zoho.rough.LoginTest.quit(LoginTest.java:43)
	at com.w2a.zoho.rough.LoginTest.quit(LoginTest.java:43)
	at com.w2a.zoho.rough.LoginTest.quit(LoginTest.java:43)
	at com.w2a.zoho.rough.LoginTest.quit(LoginTest.java:43)
	at com.w2a.zoho.rough.LoginTest.quit(LoginTest.java:43)
	at com.w2a.zoho.rough.LoginTest.quit(LoginTest.java:43)
	at com.w2a.zoho.rough.LoginTest.quit(LoginTest.java:43)
	at com.w2a.zoho.rough.LoginTest.quit(LoginTest.java:43)
	at com.w2a.zoho.rough.LoginTest.quit(LoginTest.java:43)
	at com.w2a.zoho.rough.LoginTest.quit(LoginTest.java:43)
	at com.w2a.zoho.rough.LoginTest.quit(LoginTest.java:43)
	at com.w2a.zoho.rough.LoginTest.quit(LoginTest.java:43)
	at com.w2a.zoho.rough.LoginTest.quit(LoginTest.java:43)
	at com.w2a.zoho.rough.LoginTest.quit(LoginTest.java:43)
	at com.w2a.zoho.rough.LoginTest.quit(LoginTest.java:43)
	at com.w2a.zoho.rough.LoginTest.quit(LoginTest.java:43)
	at com.w2a.zoho.rough.LoginTest.quit(LoginTest.java:43)
	at com.w2a.zoho.rough.LoginTest.quit(LoginTest.java:43)
	at com.w2a.zoho.rough.LoginTest.quit(LoginTest.java:43)
	at com.w2a.zoho.rough.LoginTest.quit(LoginTest.java:43)
	at com.w2a.zoho.rough.LoginTest.quit(LoginTest.java:43)
	at com.w2a.zoho.rough.LoginTest.quit(LoginTest.java:43)
	at com.w2a.zoho.rough.LoginTest.quit(LoginTest.java:43)
	at com.w2a.zoho.rough.LoginTest.quit(LoginTest.java:43)
	at com.w2a.zoho.rough.LoginTest.quit(LoginTest.java:43)
	at com.w2a.zoho.rough.LoginTest.quit(LoginTest.java:43)
	at com.w2a.zoho.rough.LoginTest.quit(LoginTest.java:43)
	at com.w2a.zoho.rough.LoginTest.quit(LoginTest.java:43)
	at com.w2a.zoho.rough.LoginTest.quit(LoginTest.java:43)
	at com.w2a.zoho.rough.LoginTest.quit(LoginTest.java:43)
	at com.w2a.zoho.rough.LoginTest.quit(LoginTest.java:43)
	at com.w2a.zoho.rough.LoginTest.quit(LoginTest.java:43)
	at com.w2a.zoho.rough.LoginTest.quit(LoginTest.java:43)
	at com.w2a.zoho.rough.LoginTest.quit(LoginTest.java:43)
	at com.w2a.zoho.rough.LoginTest.quit(LoginTest.java:43)
	at com.w2a.zoho.rough.LoginTest.quit(LoginTest.java:43)
	at com.w2a.zoho.rough.LoginTest.quit(LoginTest.java:43)
	at com.w2a.zoho.rough.LoginTest.quit(LoginTest.java:43)
	at com.w2a.zoho.rough.LoginTest.quit(LoginTest.java:43)
	at com.w2a.zoho.rough.LoginTest.quit(LoginTest.java:43)
	at com.w2a.zoho.rough.LoginTest.quit(LoginTest.java:43)
	at com.w2a.zoho.rough.LoginTest.quit(LoginTest.java:43)
	at com.w2a.zoho.rough.LoginTest.quit(LoginTest.java:43)
	at com.w2a.zoho.rough.LoginTest.quit(LoginTest.java:43)
	at com.w2a.zoho.rough.LoginTest.quit(LoginTest.java:43)
	at com.w2a.zoho.rough.LoginTest.quit(LoginTest.java:43)
	at com.w2a.zoho.rough.LoginTest.quit(LoginTest.java:43)
	at com.w2a.zoho.rough.LoginTest.quit(LoginTest.java:43)
	at com.w2a.zoho.rough.LoginTest.quit(LoginTest.java:43)
	at com.w2a.zoho.rough.LoginTest.quit(LoginTest.java:43)
	at com.w2a.zoho.rough.LoginTest.quit(LoginTest.java:43)
	at com.w2a.zoho.rough.LoginTest.quit(LoginTest.java:43)
	at com.w2a.zoho.rough.LoginTest.quit(LoginTest.java:43)
	at com.w2a.zoho.rough.LoginTest.quit(LoginTest.java:43)
	at com.w2a.zoho.rough.LoginTest.quit(LoginTest.java:43)
	at com.w2a.zoho.rough.LoginTest.quit(LoginTest.java:43)
	at com.w2a.zoho.rough.LoginTest.quit(LoginTest.java:43)
	at com.w2a.zoho.rough.LoginTest.quit(LoginTest.java:43)
	at com.w2a.zoho.rough.LoginTest.quit(LoginTest.java:43)
	at com.w2a.zoho.rough.LoginTest.quit(LoginTest.java:43)
	at com.w2a.zoho.rough.LoginTest.quit(LoginTest.java:43)
	at com.w2a.zoho.rough.LoginTest.quit(LoginTest.java:43)
	at com.w2a.zoho.rough.LoginTest.quit(LoginTest.java:43)
	at com.w2a.zoho.rough.LoginTest.quit(LoginTest.java:43)
	at com.w2a.zoho.rough.LoginTest.quit(LoginTest.java:43)
	at com.w2a.zoho.rough.LoginTest.quit(LoginTest.java:43)
	at com.w2a.zoho.rough.LoginTest.quit(LoginTest.java:43)
	at com.w2a.zoho.rough.LoginTest.quit(LoginTest.java:43)
	at com.w2a.zoho.rough.LoginTest.quit(LoginTest.java:43)
	at com.w2a.zoho.rough.LoginTest.quit(LoginTest.java:43)
	at com.w2a.zoho.rough.LoginTest.quit(LoginTest.java:43)
	at com.w2a.zoho.rough.LoginTest.quit(LoginTest.java:43)
	at com.w2a.zoho.rough.LoginTest.quit(LoginTest.java:43)
	at com.w2a.zoho.rough.LoginTest.quit(LoginTest.java:43)
	at com.w2a.zoho.rough.LoginTest.quit(LoginTest.java:43)
	at com.w2a.zoho.rough.LoginTest.quit(LoginTest.java:43)
	at com.w2a.zoho.rough.LoginTest.quit(LoginTest.java:43)
	at com.w2a.zoho.rough.LoginTest.quit(LoginTest.java:43)
	at com.w2a.zoho.rough.LoginTest.quit(LoginTest.java:43)
	at com.w2a.zoho.rough.LoginTest.quit(LoginTest.java:43)
	at com.w2a.zoho.rough.LoginTest.quit(LoginTest.java:43)
	at com.w2a.zoho.rough.LoginTest.quit(LoginTest.java:43)
	at com.w2a.zoho.rough.LoginTest.quit(LoginTest.java:43)
	at com.w2a.zoho.rough.LoginTest.quit(LoginTest.java:43)
	at com.w2a.zoho.rough.LoginTest.quit(LoginTest.java:43)
	at com.w2a.zoho.rough.LoginTest.quit(LoginTest.java:43)
	at com.w2a.zoho.rough.LoginTest.quit(LoginTest.java:43)
	at com.w2a.zoho.rough.LoginTest.quit(LoginTest.java:43)
	at com.w2a.zoho.rough.LoginTest.quit(LoginTest.java:43)
	at com.w2a.zoho.rough.LoginTest.quit(LoginTest.java:43)
	at com.w2a.zoho.rough.LoginTest.quit(LoginTest.java:43)
	at com.w2a.zoho.rough.LoginTest.quit(LoginTest.java:43)
	at com.w2a.zoho.rough.LoginTest.quit(LoginTest.java:43)
	at com.w2a.zoho.rough.LoginTest.quit(LoginTest.java:43)
	at com.w2a.zoho.rough.LoginTest.quit(LoginTest.java:43)
	at com.w2a.zoho.rough.LoginTest.quit(LoginTest.java:43)
	at com.w2a.zoho.rough.LoginTest.quit(LoginTest.java:43)
	at com.w2a.zoho.rough.LoginTest.quit(LoginTest.java:43)
	at com.w2a.zoho.rough.LoginTest.quit(LoginTest.java:43)
	at com.w2a.zoho.rough.LoginTest.quit(LoginTest.java:43)
	at com.w2a.zoho.rough.LoginTest.quit(LoginTest.java:43)
	at com.w2a.zoho.rough.LoginTest.quit(LoginTest.java:43)
	at com.w2a.zoho.rough.LoginTest.quit(LoginTest.java:43)
	at com.w2a.zoho.rough.LoginTest.quit(LoginTest.java:43)
	at com.w2a.zoho.rough.LoginTest.quit(LoginTest.java:43)
	at com.w2a.zoho.rough.LoginTest.quit(LoginTest.java:43)
	at com.w2a.zoho.rough.LoginTest.quit(LoginTest.java:43)
	at com.w2a.zoho.rough.LoginTest.quit(LoginTest.java:43)
	at com.w2a.zoho.rough.LoginTest.quit(LoginTest.java:43)
	at com.w2a.zoho.rough.LoginTest.quit(LoginTest.java:43)
	at com.w2a.zoho.rough.LoginTest.quit(LoginTest.java:43)
	at com.w2a.zoho.rough.LoginTest.quit(LoginTest.java:43)
	at com.w2a.zoho.rough.LoginTest.quit(LoginTest.java:43)
	at com.w2a.zoho.rough.LoginTest.quit(LoginTest.java:43)
	at com.w2a.zoho.rough.LoginTest.quit(LoginTest.java:43)
	at com.w2a.zoho.rough.LoginTest.quit(LoginTest.java:43)
	at com.w2a.zoho.rough.LoginTest.quit(LoginTest.java:43)
	at com.w2a.zoho.rough.LoginTest.quit(LoginTest.java:43)
	at com.w2a.zoho.rough.LoginTest.quit(LoginTest.java:43)
	at com.w2a.zoho.rough.LoginTest.quit(LoginTest.java:43)
	at com.w2a.zoho.rough.LoginTest.quit(LoginTest.java:43)
	at com.w2a.zoho.rough.LoginTest.quit(LoginTest.java:43)
	at com.w2a.zoho.rough.LoginTest.quit(LoginTest.java:43)
	at com.w2a.zoho.rough.LoginTest.quit(LoginTest.java:43)
	at com.w2a.zoho.rough.LoginTest.quit(LoginTest.java:43)
	at com.w2a.zoho.rough.LoginTest.quit(LoginTest.java:43)
	at com.w2a.zoho.rough.LoginTest.quit(LoginTest.java:43)
	at com.w2a.zoho.rough.LoginTest.quit(LoginTest.java:43)
	at com.w2a.zoho.rough.LoginTest.quit(LoginTest.java:43)
	at com.w2a.zoho.rough.LoginTest.quit(LoginTest.java:43)
	at com.w2a.zoho.rough.LoginTest.quit(LoginTest.java:43)
	at com.w2a.zoho.rough.LoginTest.quit(LoginTest.java:43)
	at com.w2a.zoho.rough.LoginTest.quit(LoginTest.java:43)
	at com.w2a.zoho.rough.LoginTest.quit(LoginTest.java:43)
	at com.w2a.zoho.rough.LoginTest.quit(LoginTest.java:43)
	at com.w2a.zoho.rough.LoginTest.quit(LoginTest.java:43)
	at com.w2a.zoho.rough.LoginTest.quit(LoginTest.java:43)
	at com.w2a.zoho.rough.LoginTest.quit(LoginTest.java:43)
	at com.w2a.zoho.rough.LoginTest.quit(LoginTest.java:43)
	at com.w2a.zoho.rough.LoginTest.quit(LoginTest.java:43)
	at com.w2a.zoho.rough.LoginTest.quit(LoginTest.java:43)
	at com.w2a.zoho.rough.LoginTest.quit(LoginTest.java:43)
	at com.w2a.zoho.rough.LoginTest.quit(LoginTest.java:43)
	at com.w2a.zoho.rough.LoginTest.quit(LoginTest.java:43)
	at com.w2a.zoho.rough.LoginTest.quit(LoginTest.java:43)
	at com.w2a.zoho.rough.LoginTest.quit(LoginTest.java:43)
	at com.w2a.zoho.rough.LoginTest.quit(LoginTest.java:43)
	at com.w2a.zoho.rough.LoginTest.quit(LoginTest.java:43)
	at com.w2a.zoho.rough.LoginTest.quit(LoginTest.java:43)
	at com.w2a.zoho.rough.LoginTest.quit(LoginTest.java:43)
	at com.w2a.zoho.rough.LoginTest.quit(LoginTest.java:43)
	at com.w2a.zoho.rough.LoginTest.quit(LoginTest.java:43)
	at com.w2a.zoho.rough.LoginTest.quit(LoginTest.java:43)
	at com.w2a.zoho.rough.LoginTest.quit(LoginTest.java:43)
	at com.w2a.zoho.rough.LoginTest.quit(LoginTest.java:43)
	at com.w2a.zoho.rough.LoginTest.quit(LoginTest.java:43)
	at com.w2a.zoho.rough.LoginTest.quit(LoginTest.java:43)
	at com.w2a.zoho.rough.LoginTest.quit(LoginTest.java:43)
	at com.w2a.zoho.rough.LoginTest.quit(LoginTest.java:43)
	at com.w2a.zoho.rough.LoginTest.quit(LoginTest.java:43)
	at com.w2a.zoho.rough.LoginTest.quit(LoginTest.java:43)
	at com.w2a.zoho.rough.LoginTest.quit(LoginTest.java:43)
	at com.w2a.zoho.rough.LoginTest.quit(LoginTest.java:43)
	at com.w2a.zoho.rough.LoginTest.quit(LoginTest.java:43)
	at com.w2a.zoho.rough.LoginTest.quit(LoginTest.java:43)
	at com.w2a.zoho.rough.LoginTest.quit(LoginTest.java:43)
	at com.w2a.zoho.rough.LoginTest.quit(LoginTest.java:43)
	at com.w2a.zoho.rough.LoginTest.quit(LoginTest.java:43)
	at com.w2a.zoho.rough.LoginTest.quit(LoginTest.java:43)
	at com.w2a.zoho.rough.LoginTest.quit(LoginTest.java:43)
	at com.w2a.zoho.rough.LoginTest.quit(LoginTest.java:43)
	at com.w2a.zoho.rough.LoginTest.quit(LoginTest.java:43)
	at com.w2a.zoho.rough.LoginTest.quit(LoginTest.java:43)
	at com.w2a.zoho.rough.LoginTest.quit(LoginTest.java:43)
	at com.w2a.zoho.rough.LoginTest.quit(LoginTest.java:43)
	at com.w2a.zoho.rough.LoginTest.quit(LoginTest.java:43)
	at com.w2a.zoho.rough.LoginTest.quit(LoginTest.java:43)
	at com.w2a.zoho.rough.LoginTest.quit(LoginTest.java:43)
	at com.w2a.zoho.rough.LoginTest.quit(LoginTest.java:43)
	at com.w2a.zoho.rough.LoginTest.quit(LoginTest.java:43)
	at com.w2a.zoho.rough.LoginTest.quit(LoginTest.java:43)
	at com.w2a.zoho.rough.LoginTest.quit(LoginTest.java:43)
	at com.w2a.zoho.rough.LoginTest.quit(LoginTest.java:43)
	at com.w2a.zoho.rough.LoginTest.quit(LoginTest.java:43)
	at com.w2a.zoho.rough.LoginTest.quit(LoginTest.java:43)
	at com.w2a.zoho.rough.LoginTest.quit(LoginTest.java:43)
	at com.w2a.zoho.rough.LoginTest.quit(LoginTest.java:43)
	at com.w2a.zoho.rough.LoginTest.quit(LoginTest.java:43)
	at com.w2a.zoho.rough.LoginTest.quit(LoginTest.java:43)
	at com.w2a.zoho.rough.LoginTest.quit(LoginTest.java:43)
	at com.w2a.zoho.rough.LoginTest.quit(LoginTest.java:43)
	at com.w2a.zoho.rough.LoginTest.quit(LoginTest.java:43)
	at com.w2a.zoho.rough.LoginTest.quit(LoginTest.java:43)
	at com.w2a.zoho.rough.LoginTest.quit(LoginTest.java:43)
	at com.w2a.zoho.rough.LoginTest.quit(LoginTest.java:43)
	at com.w2a.zoho.rough.LoginTest.quit(LoginTest.java:43)
	at com.w2a.zoho.rough.LoginTest.quit(LoginTest.java:43)
	at com.w2a.zoho.rough.LoginTest.quit(LoginTest.java:43)
	at com.w2a.zoho.rough.LoginTest.quit(LoginTest.java:43)
	at com.w2a.zoho.rough.LoginTest.quit(LoginTest.java:43)
	at com.w2a.zoho.rough.LoginTest.quit(LoginTest.java:43)
	at com.w2a.zoho.rough.LoginTest.quit(LoginTest.java:43)
	at com.w2a.zoho.rough.LoginTest.quit(LoginTest.java:43)
	at com.w2a.zoho.rough.LoginTest.quit(LoginTest.java:43)
	at com.w2a.zoho.rough.LoginTest.quit(LoginTest.java:43)
	at com.w2a.zoho.rough.LoginTest.quit(LoginTest.java:43)
	at com.w2a.zoho.rough.LoginTest.quit(LoginTest.java:43)
	at com.w2a.zoho.rough.LoginTest.quit(LoginTest.java:43)
	at com.w2a.zoho.rough.LoginTest.quit(LoginTest.java:43)
	at com.w2a.zoho.rough.LoginTest.quit(LoginTest.java:43)
	at com.w2a.zoho.rough.LoginTest.quit(LoginTest.java:43)
	at com.w2a.zoho.rough.LoginTest.quit(LoginTest.java:43)
	at com.w2a.zoho.rough.LoginTest.quit(LoginTest.java:43)
	at com.w2a.zoho.rough.LoginTest.quit(LoginTest.java:43)
	at com.w2a.zoho.rough.LoginTest.quit(LoginTest.java:43)
	at com.w2a.zoho.rough.LoginTest.quit(LoginTest.java:43)
	at com.w2a.zoho.rough.LoginTest.quit(LoginTest.java:43)
	at com.w2a.zoho.rough.LoginTest.quit(LoginTest.java:43)
	at com.w2a.zoho.rough.LoginTest.quit(LoginTest.java:43)
	at com.w2a.zoho.rough.LoginTest.quit(LoginTest.java:43)
	at com.w2a.zoho.rough.LoginTest.quit(LoginTest.java:43)
	at com.w2a.zoho.rough.LoginTest.quit(LoginTest.java:43)
	at com.w2a.zoho.rough.LoginTest.quit(LoginTest.java:43)
	at com.w2a.zoho.rough.LoginTest.quit(LoginTest.java:43)
	at com.w2a.zoho.rough.LoginTest.quit(LoginTest.java:43)
	at com.w2a.zoho.rough.LoginTest.quit(LoginTest.java:43)
	at com.w2a.zoho.rough.LoginTest.quit(LoginTest.java:43)
	at com.w2a.zoho.rough.LoginTest.quit(LoginTest.java:43)
	at com.w2a.zoho.rough.LoginTest.quit(LoginTest.java:43)
	at com.w2a.zoho.rough.LoginTest.quit(LoginTest.java:43)
	at com.w2a.zoho.rough.LoginTest.quit(LoginTest.java:43)
	at com.w2a.zoho.rough.LoginTest.quit(LoginTest.java:43)
	at com.w2a.zoho.rough.LoginTest.quit(LoginTest.java:43)
	at com.w2a.zoho.rough.LoginTest.quit(LoginTest.java:43)
	at com.w2a.zoho.rough.LoginTest.quit(LoginTest.java:43)
	at com.w2a.zoho.rough.LoginTest.quit(LoginTest.java:43)
	at com.w2a.zoho.rough.LoginTest.quit(LoginTest.java:43)
	at com.w2a.zoho.rough.LoginTest.quit(LoginTest.java:43)
	at com.w2a.zoho.rough.LoginTest.quit(LoginTest.java:43)
	at com.w2a.zoho.rough.LoginTest.quit(LoginTest.java:43)
	at com.w2a.zoho.rough.LoginTest.quit(LoginTest.java:43)
	at com.w2a.zoho.rough.LoginTest.quit(LoginTest.java:43)
	at com.w2a.zoho.rough.LoginTest.quit(LoginTest.java:43)
	at com.w2a.zoho.rough.LoginTest.quit(LoginTest.java:43)
	at com.w2a.zoho.rough.LoginTest.quit(LoginTest.java:43)
	at com.w2a.zoho.rough.LoginTest.quit(LoginTest.java:43)
	at com.w2a.zoho.rough.LoginTest.quit(LoginTest.java:43)
	at com.w2a.zoho.rough.LoginTest.quit(LoginTest.java:43)
	at com.w2a.zoho.rough.LoginTest.quit(LoginTest.java:43)
	at com.w2a.zoho.rough.LoginTest.quit(LoginTest.java:43)
	at com.w2a.zoho.rough.LoginTest.quit(LoginTest.java:43)
	at com.w2a.zoho.rough.LoginTest.quit(LoginTest.java:43)
	at com.w2a.zoho.rough.LoginTest.quit(LoginTest.java:43)
	at com.w2a.zoho.rough.LoginTest.quit(LoginTest.java:43)
	at com.w2a.zoho.rough.LoginTest.quit(LoginTest.java:43)
	at com.w2a.zoho.rough.LoginTest.quit(LoginTest.java:43)
	at com.w2a.zoho.rough.LoginTest.quit(LoginTest.java:43)
	at com.w2a.zoho.rough.LoginTest.quit(LoginTest.java:43)
	at com.w2a.zoho.rough.LoginTest.quit(LoginTest.java:43)
	at com.w2a.zoho.rough.LoginTest.quit(LoginTest.java:43)
	at com.w2a.zoho.rough.LoginTest.quit(LoginTest.java:43)
	at com.w2a.zoho.rough.LoginTest.quit(LoginTest.java:43)
	at com.w2a.zoho.rough.LoginTest.quit(LoginTest.java:43)
	at com.w2a.zoho.rough.LoginTest.quit(LoginTest.java:43)
	at com.w2a.zoho.rough.LoginTest.quit(LoginTest.java:43)
	at com.w2a.zoho.rough.LoginTest.quit(LoginTest.java:43)
	at com.w2a.zoho.rough.LoginTest.quit(LoginTest.java:43)
	at com.w2a.zoho.rough.LoginTest.quit(LoginTest.java:43)
	at com.w2a.zoho.rough.LoginTest.quit(LoginTest.java:43)
	at com.w2a.zoho.rough.LoginTest.quit(LoginTest.java:43)
	at com.w2a.zoho.rough.LoginTest.quit(LoginTest.java:43)
	at com.w2a.zoho.rough.LoginTest.quit(LoginTest.java:43)
	at com.w2a.zoho.rough.LoginTest.quit(LoginTest.java:43)
	at com.w2a.zoho.rough.LoginTest.quit(LoginTest.java:43)
	at com.w2a.zoho.rough.LoginTest.quit(LoginTest.java:43)
	at com.w2a.zoho.rough.LoginTest.quit(LoginTest.java:43)
	at com.w2a.zoho.rough.LoginTest.quit(LoginTest.java:43)
	at com.w2a.zoho.rough.LoginTest.quit(LoginTest.java:43)
	at com.w2a.zoho.rough.LoginTest.quit(LoginTest.java:43)
	at com.w2a.zoho.rough.LoginTest.quit(LoginTest.java:43)
	at com.w2a.zoho.rough.LoginTest.quit(LoginTest.java:43)
	at com.w2a.zoho.rough.LoginTest.quit(LoginTest.java:43)
	at com.w2a.zoho.rough.LoginTest.quit(LoginTest.java:43)
	at com.w2a.zoho.rough.LoginTest.quit(LoginTest.java:43)
	at com.w2a.zoho.rough.LoginTest.quit(LoginTest.java:43)
	at com.w2a.zoho.rough.LoginTest.quit(LoginTest.java:43)
	at com.w2a.zoho.rough.LoginTest.quit(LoginTest.java:43)
	at com.w2a.zoho.rough.LoginTest.quit(LoginTest.java:43)
	at com.w2a.zoho.rough.LoginTest.quit(LoginTest.java:43)
	at com.w2a.zoho.rough.LoginTest.quit(LoginTest.java:43)
	at com.w2a.zoho.rough.LoginTest.quit(LoginTest.java:43)
	at com.w2a.zoho.rough.LoginTest.quit(LoginTest.java:43)
	at com.w2a.zoho.rough.LoginTest.quit(LoginTest.java:43)
	at com.w2a.zoho.rough.LoginTest.quit(LoginTest.java:43)
	at com.w2a.zoho.rough.LoginTest.quit(LoginTest.java:43)
	at com.w2a.zoho.rough.LoginTest.quit(LoginTest.java:43)
	at com.w2a.zoho.rough.LoginTest.quit(LoginTest.java:43)
	at com.w2a.zoho.rough.LoginTest.quit(LoginTest.java:43)
	at com.w2a.zoho.rough.LoginTest.quit(LoginTest.java:43)
	at com.w2a.zoho.rough.LoginTest.quit(LoginTest.java:43)
	at com.w2a.zoho.rough.LoginTest.quit(LoginTest.java:43)
	at com.w2a.zoho.rough.LoginTest.quit(LoginTest.java:43)
	at com.w2a.zoho.rough.LoginTest.quit(LoginTest.java:43)
	at com.w2a.zoho.rough.LoginTest.quit(LoginTest.java:43)
	at com.w2a.zoho.rough.LoginTest.quit(LoginTest.java:43)
	at com.w2a.zoho.rough.LoginTest.quit(LoginTest.java:43)
	at com.w2a.zoho.rough.LoginTest.quit(LoginTest.java:43)
	at com.w2a.zoho.rough.LoginTest.quit(LoginTest.java:43)
	at com.w2a.zoho.rough.LoginTest.quit(LoginTest.java:43)
	at com.w2a.zoho.rough.LoginTest.quit(LoginTest.java:43)
	at com.w2a.zoho.rough.LoginTest.quit(LoginTest.java:43)
	at com.w2a.zoho.rough.LoginTest.quit(LoginTest.java:43)
	at com.w2a.zoho.rough.LoginTest.quit(LoginTest.java:43)
	at com.w2a.zoho.rough.LoginTest.quit(LoginTest.java:43)
	at com.w2a.zoho.rough.LoginTest.quit(LoginTest.java:43)
	at com.w2a.zoho.rough.LoginTest.quit(LoginTest.java:43)
	at com.w2a.zoho.rough.LoginTest.quit(LoginTest.java:43)
	at com.w2a.zoho.rough.LoginTest.quit(LoginTest.java:43)
	at com.w2a.zoho.rough.LoginTest.quit(LoginTest.java:43)
	at com.w2a.zoho.rough.LoginTest.quit(LoginTest.java:43)
	at com.w2a.zoho.rough.LoginTest.quit(LoginTest.java:43)
	at com.w2a.zoho.rough.LoginTest.quit(LoginTest.java:43)
	at com.w2a.zoho.rough.LoginTest.quit(LoginTest.java:43)
	at com.w2a.zoho.rough.LoginTest.quit(LoginTest.java:43)
	at com.w2a.zoho.rough.LoginTest.quit(LoginTest.java:43)
	at com.w2a.zoho.rough.LoginTest.quit(LoginTest.java:43)
	at com.w2a.zoho.rough.LoginTest.quit(LoginTest.java:43)
	at com.w2a.zoho.rough.LoginTest.quit(LoginTest.java:43)
	at com.w2a.zoho.rough.LoginTest.quit(LoginTest.java:43)
	at com.w2a.zoho.rough.LoginTest.quit(LoginTest.java:43)
	at com.w2a.zoho.rough.LoginTest.quit(LoginTest.java:43)
	at com.w2a.zoho.rough.LoginTest.quit(LoginTest.java:43)
	at com.w2a.zoho.rough.LoginTest.quit(LoginTest.java:43)
	at com.w2a.zoho.rough.LoginTest.quit(LoginTest.java:43)
	at com.w2a.zoho.rough.LoginTest.quit(LoginTest.java:43)
	at com.w2a.zoho.rough.LoginTest.quit(LoginTest.java:43)
	at com.w2a.zoho.rough.LoginTest.quit(LoginTest.java:43)
	at com.w2a.zoho.rough.LoginTest.quit(LoginTest.java:43)
	at com.w2a.zoho.rough.LoginTest.quit(LoginTest.java:43)
	at com.w2a.zoho.rough.LoginTest.quit(LoginTest.java:43)
	at com.w2a.zoho.rough.LoginTest.quit(LoginTest.java:43)
	at com.w2a.zoho.rough.LoginTest.quit(LoginTest.java:43)
	at com.w2a.zoho.rough.LoginTest.quit(LoginTest.java:43)
	at com.w2a.zoho.rough.LoginTest.quit(LoginTest.java:43)
	at com.w2a.zoho.rough.LoginTest.quit(LoginTest.java:43)
	at com.w2a.zoho.rough.LoginTest.quit(LoginTest.java:43)
	at com.w2a.zoho.rough.LoginTest.quit(LoginTest.java:43)
	at com.w2a.zoho.rough.LoginTest.quit(LoginTest.java:43)
	at com.w2a.zoho.rough.LoginTest.quit(LoginTest.java:43)
	at com.w2a.zoho.rough.LoginTest.quit(LoginTest.java:43)
	at com.w2a.zoho.rough.LoginTest.quit(LoginTest.java:43)
	at com.w2a.zoho.rough.LoginTest.quit(LoginTest.java:43)
	at com.w2a.zoho.rough.LoginTest.quit(LoginTest.java:43)
	at com.w2a.zoho.rough.LoginTest.quit(LoginTest.java:43)
	at com.w2a.zoho.rough.LoginTest.quit(LoginTest.java:43)
	at com.w2a.zoho.rough.LoginTest.quit(LoginTest.java:43)
	at com.w2a.zoho.rough.LoginTest.quit(LoginTest.java:43)
	at com.w2a.zoho.rough.LoginTest.quit(LoginTest.java:43)
	at com.w2a.zoho.rough.LoginTest.quit(LoginTest.java:43)
	at com.w2a.zoho.rough.LoginTest.quit(LoginTest.java:43)
	at com.w2a.zoho.rough.LoginTest.quit(LoginTest.java:43)
	at com.w2a.zoho.rough.LoginTest.quit(LoginTest.java:43)
	at com.w2a.zoho.rough.LoginTest.quit(LoginTest.java:43)
	at com.w2a.zoho.rough.LoginTest.quit(LoginTest.java:43)
	at com.w2a.zoho.rough.LoginTest.quit(LoginTest.java:43)
	at com.w2a.zoho.rough.LoginTest.quit(LoginTest.java:43)
	at com.w2a.zoho.rough.LoginTest.quit(LoginTest.java:43)
	at com.w2a.zoho.rough.LoginTest.quit(LoginTest.java:43)
	at com.w2a.zoho.rough.LoginTest.quit(LoginTest.java:43)
	at com.w2a.zoho.rough.LoginTest.quit(LoginTest.java:43)
	at com.w2a.zoho.rough.LoginTest.quit(LoginTest.java:43)
	at com.w2a.zoho.rough.LoginTest.quit(LoginTest.java:43)
	at com.w2a.zoho.rough.LoginTest.quit(LoginTest.java:43)
	at com.w2a.zoho.rough.LoginTest.quit(LoginTest.java:43)
	at com.w2a.zoho.rough.LoginTest.quit(LoginTest.java:43)
	at com.w2a.zoho.rough.LoginTest.quit(LoginTest.java:43)
	at com.w2a.zoho.rough.LoginTest.quit(LoginTest.java:43)
	at com.w2a.zoho.rough.LoginTest.quit(LoginTest.java:43)
	at com.w2a.zoho.rough.LoginTest.quit(LoginTest.java:43)
	at com.w2a.zoho.rough.LoginTest.quit(LoginTest.java:43)
	at com.w2a.zoho.rough.LoginTest.quit(LoginTest.java:43)
	at com.w2a.zoho.rough.LoginTest.quit(LoginTest.java:43)
	at com.w2a.zoho.rough.LoginTest.quit(LoginTest.java:43)
	at com.w2a.zoho.rough.LoginTest.quit(LoginTest.java:43)
	at com.w2a.zoho.rough.LoginTest.quit(LoginTest.java:43)
	at com.w2a.zoho.rough.LoginTest.quit(LoginTest.java:43)
	at com.w2a.zoho.rough.LoginTest.quit(LoginTest.java:43)
	at com.w2a.zoho.rough.LoginTest.quit(LoginTest.java:43)
	at com.w2a.zoho.rough.LoginTest.quit(LoginTest.java:43)
	at com.w2a.zoho.rough.LoginTest.quit(LoginTest.java:43)
	at com.w2a.zoho.rough.LoginTest.quit(LoginTest.java:43)
	at com.w2a.zoho.rough.LoginTest.quit(LoginTest.java:43)
	at com.w2a.zoho.rough.LoginTest.quit(LoginTest.java:43)
	at com.w2a.zoho.rough.LoginTest.quit(LoginTest.java:43)
	at com.w2a.zoho.rough.LoginTest.quit(LoginTest.java:43)
	at com.w2a.zoho.rough.LoginTest.quit(LoginTest.java:43)
	at com.w2a.zoho.rough.LoginTest.quit(LoginTest.java:43)
	at com.w2a.zoho.rough.LoginTest.quit(LoginTest.java:43)
	at com.w2a.zoho.rough.LoginTest.quit(LoginTest.java:43)
	at com.w2a.zoho.rough.LoginTest.quit(LoginTest.java:43)
	at com.w2a.zoho.rough.LoginTest.quit(LoginTest.java:43)
	at com.w2a.zoho.rough.LoginTest.quit(LoginTest.java:43)
	at com.w2a.zoho.rough.LoginTest.quit(LoginTest.java:43)
	at com.w2a.zoho.rough.LoginTest.quit(LoginTest.java:43)
	at com.w2a.zoho.rough.LoginTest.quit(LoginTest.java:43)
	at com.w2a.zoho.rough.LoginTest.quit(LoginTest.java:43)
	at com.w2a.zoho.rough.LoginTest.quit(LoginTest.java:43)
	at com.w2a.zoho.rough.LoginTest.quit(LoginTest.java:43)
	at com.w2a.zoho.rough.LoginTest.quit(LoginTest.java:43)
	at com.w2a.zoho.rough.LoginTest.quit(LoginTest.java:43)
	at com.w2a.zoho.rough.LoginTest.quit(LoginTest.java:43)
	at com.w2a.zoho.rough.LoginTest.quit(LoginTest.java:43)
	at com.w2a.zoho.rough.LoginTest.quit(LoginTest.java:43)
	at com.w2a.zoho.rough.LoginTest.quit(LoginTest.java:43)
	at com.w2a.zoho.rough.LoginTest.quit(LoginTest.java:43)
	at com.w2a.zoho.rough.LoginTest.quit(LoginTest.java:43)
	at com.w2a.zoho.rough.LoginTest.quit(LoginTest.java:43)
	at com.w2a.zoho.rough.LoginTest.quit(LoginTest.java:43)
	at com.w2a.zoho.rough.LoginTest.quit(LoginTest.java:43)
	at com.w2a.zoho.rough.LoginTest.quit(LoginTest.java:43)
	at com.w2a.zoho.rough.LoginTest.quit(LoginTest.java:43)
	at com.w2a.zoho.rough.LoginTest.quit(LoginTest.java:43)
	at com.w2a.zoho.rough.LoginTest.quit(LoginTest.java:43)
	at com.w2a.zoho.rough.LoginTest.quit(LoginTest.java:43)
	at com.w2a.zoho.rough.LoginTest.quit(LoginTest.java:43)
	at com.w2a.zoho.rough.LoginTest.quit(LoginTest.java:43)
	at com.w2a.zoho.rough.LoginTest.quit(LoginTest.java:43)
	at com.w2a.zoho.rough.LoginTest.quit(LoginTest.java:43)
	at com.w2a.zoho.rough.LoginTest.quit(LoginTest.java:43)
	at com.w2a.zoho.rough.LoginTest.quit(LoginTest.java:43)
	at com.w2a.zoho.rough.LoginTest.quit(LoginTest.java:43)
	at com.w2a.zoho.rough.LoginTest.quit(LoginTest.java:43)
	at com.w2a.zoho.rough.LoginTest.quit(LoginTest.java:43)
	at com.w2a.zoho.rough.LoginTest.quit(LoginTest.java:43)
	at com.w2a.zoho.rough.LoginTest.quit(LoginTest.java:43)
	at com.w2a.zoho.rough.LoginTest.quit(LoginTest.java:43)
	at com.w2a.zoho.rough.LoginTest.quit(LoginTest.java:43)
	at com.w2a.zoho.rough.LoginTest.quit(LoginTest.java:43)
	at com.w2a.zoho.rough.LoginTest.quit(LoginTest.java:43)
	at com.w2a.zoho.rough.LoginTest.quit(LoginTest.java:43)
	at com.w2a.zoho.rough.LoginTest.quit(LoginTest.java:43)
	at com.w2a.zoho.rough.LoginTest.quit(LoginTest.java:43)
	at com.w2a.zoho.rough.LoginTest.quit(LoginTest.java:43)
	at com.w2a.zoho.rough.LoginTest.quit(LoginTest.java:43)
	at com.w2a.zoho.rough.LoginTest.quit(LoginTest.java:43)
	at com.w2a.zoho.rough.LoginTest.quit(LoginTest.java:43)
	at com.w2a.zoho.rough.LoginTest.quit(LoginTest.java:43)
	at com.w2a.zoho.rough.LoginTest.quit(LoginTest.java:43)
	at com.w2a.zoho.rough.LoginTest.quit(LoginTest.java:43)
	at com.w2a.zoho.rough.LoginTest.quit(LoginTest.java:43)
	at com.w2a.zoho.rough.LoginTest.quit(LoginTest.java:43)
	at com.w2a.zoho.rough.LoginTest.quit(LoginTest.java:43)
	at com.w2a.zoho.rough.LoginTest.quit(LoginTest.java:43)
	at com.w2a.zoho.rough.LoginTest.quit(LoginTest.java:43)
	at com.w2a.zoho.rough.LoginTest.quit(LoginTest.java:43)
	at com.w2a.zoho.rough.LoginTest.quit(LoginTest.java:43)
	at com.w2a.zoho.rough.LoginTest.quit(LoginTest.java:43)
	at com.w2a.zoho.rough.LoginTest.quit(LoginTest.java:43)
	at com.w2a.zoho.rough.LoginTest.quit(LoginTest.java:43)
	at com.w2a.zoho.rough.LoginTest.quit(LoginTest.java:43)
	at com.w2a.zoho.rough.LoginTest.quit(LoginTest.java:43)
	at com.w2a.zoho.rough.LoginTest.quit(LoginTest.java:43)
	at com.w2a.zoho.rough.LoginTest.quit(LoginTest.java:43)
	at com.w2a.zoho.rough.LoginTest.quit(LoginTest.java:43)
	at com.w2a.zoho.rough.LoginTest.quit(LoginTest.java:43)
	at com.w2a.zoho.rough.LoginTest.quit(LoginTest.java:43)
	at com.w2a.zoho.rough.LoginTest.quit(LoginTest.java:43)
	at com.w2a.zoho.rough.LoginTest.quit(LoginTest.java:43)
	at com.w2a.zoho.rough.LoginTest.quit(LoginTest.java:43)
	at com.w2a.zoho.rough.LoginTest.quit(LoginTest.java:43)
	at com.w2a.zoho.rough.LoginTest.quit(LoginTest.java:43)
	at com.w2a.zoho.rough.LoginTest.quit(LoginTest.java:43)
	at com.w2a.zoho.rough.LoginTest.quit(LoginTest.java:43)
	at com.w2a.zoho.rough.LoginTest.quit(LoginTest.java:43)
	at com.w2a.zoho.rough.LoginTest.quit(LoginTest.java:43)
	at com.w2a.zoho.rough.LoginTest.quit(LoginTest.java:43)
	at com.w2a.zoho.rough.LoginTest.quit(LoginTest.java:43)
	at com.w2a.zoho.rough.LoginTest.quit(LoginTest.java:43)
	at com.w2a.zoho.rough.LoginTest.quit(LoginTest.java:43)
	at com.w2a.zoho.rough.LoginTest.quit(LoginTest.java:43)
	at com.w2a.zoho.rough.LoginTest.quit(LoginTest.java:43)
	at com.w2a.zoho.rough.LoginTest.quit(LoginTest.java:43)
	at com.w2a.zoho.rough.LoginTest.quit(LoginTest.java:43)
	at com.w2a.zoho.rough.LoginTest.quit(LoginTest.java:43)
	at com.w2a.zoho.rough.LoginTest.quit(LoginTest.java:43)
	at com.w2a.zoho.rough.LoginTest.quit(LoginTest.java:43)
	at com.w2a.zoho.rough.LoginTest.quit(LoginTest.java:43)
	at com.w2a.zoho.rough.LoginTest.quit(LoginTest.java:43)
	at com.w2a.zoho.rough.LoginTest.quit(LoginTest.java:43)
	at com.w2a.zoho.rough.LoginTest.quit(LoginTest.java:43)
	at com.w2a.zoho.rough.LoginTest.quit(LoginTest.java:43)
	at com.w2a.zoho.rough.LoginTest.quit(LoginTest.java:43)
	at com.w2a.zoho.rough.LoginTest.quit(LoginTest.java:43)
	at com.w2a.zoho.rough.LoginTest.quit(LoginTest.java:43)
	at com.w2a.zoho.rough.LoginTest.quit(LoginTest.java:43)
	at com.w2a.zoho.rough.LoginTest.quit(LoginTest.java:43)
	at com.w2a.zoho.rough.LoginTest.quit(LoginTest.java:43)
	at com.w2a.zoho.rough.LoginTest.quit(LoginTest.java:43)
	at com.w2a.zoho.rough.LoginTest.quit(LoginTest.java:43)
	at com.w2a.zoho.rough.LoginTest.quit(LoginTest.java:43)
	at com.w2a.zoho.rough.LoginTest.quit(LoginTest.java:43)
	at com.w2a.zoho.rough.LoginTest.quit(LoginTest.java:43)
	at com.w2a.zoho.rough.LoginTest.quit(LoginTest.java:43)
	at com.w2a.zoho.rough.LoginTest.quit(LoginTest.java:43)
	at com.w2a.zoho.rough.LoginTest.quit(LoginTest.java:43)
	at com.w2a.zoho.rough.LoginTest.quit(LoginTest.java:43)
	at com.w2a.zoho.rough.LoginTest.quit(LoginTest.java:43)
	at com.w2a.zoho.rough.LoginTest.quit(LoginTest.java:43)
	at com.w2a.zoho.rough.LoginTest.quit(LoginTest.java:43)
	at com.w2a.zoho.rough.LoginTest.quit(LoginTest.java:43)
	at com.w2a.zoho.rough.LoginTest.quit(LoginTest.java:43)
	at com.w2a.zoho.rough.LoginTest.quit(LoginTest.java:43)
	at com.w2a.zoho.rough.LoginTest.quit(LoginTest.java:43)
	at com.w2a.zoho.rough.LoginTest.quit(LoginTest.java:43)
	at com.w2a.zoho.rough.LoginTest.quit(LoginTest.java:43)
	at com.w2a.zoho.rough.LoginTest.quit(LoginTest.java:43)
	at com.w2a.zoho.rough.LoginTest.quit(LoginTest.java:43)
	at com.w2a.zoho.rough.LoginTest.quit(LoginTest.java:43)
	at com.w2a.zoho.rough.LoginTest.quit(LoginTest.java:43)
	at com.w2a.zoho.rough.LoginTest.quit(LoginTest.java:43)
	at com.w2a.zoho.rough.LoginTest.quit(LoginTest.java:43)
	at com.w2a.zoho.rough.LoginTest.quit(LoginTest.java:43)
	at com.w2a.zoho.rough.LoginTest.quit(LoginTest.java:43)
	at com.w2a.zoho.rough.LoginTest.quit(LoginTest.java:43)
]]>
    </error>
  </testcase> <!-- quit -->
</testsuite> <!-- com.w2a.zoho.rough.LoginTest -->
