<?xml version="1.0" encoding="UTF-8"?>
<!-- Generated by org.testng.reporters.JUnitReportReporter -->
<testsuite skipped="0" hostname="AMW201-PC" name="com.w2a.zoho.rough.TestCase1" tests="2" failures="0" timestamp="22 Mar 2021 09:20:22 GMT" time="54.230" errors="0">
  <testcase name="doLogin" time="20.923" classname="com.w2a.zoho.rough.TestCase1"/>
  <testcase name="doLogin" time="33.307" classname="com.w2a.zoho.rough.TestCase1"/>
</testsuite> <!-- com.w2a.zoho.rough.TestCase1 -->
